<?xml version="1.0" encoding="utf-8"?><testsuites name="pytest tests"><testsuite name="pytest" errors="0" failures="0" skipped="0" tests="23" time="4.252" timestamp="2026-01-11T17:23:35.177588+00:00" hostname="agent-env-d46308d7-42e2-469b-be3b-19a0fba08c4d"><testcase classname="tests.test_aumryx_teach.TestAPIHealth" name="test_api_root" time="0.073" /><testcase classname="tests.test_aumryx_teach.TestTeacherBrowse" name="test_get_teachers_list" time="0.038" /><testcase classname="tests.test_aumryx_teach.TestTeacherBrowse" name="test_get_verified_teachers_only" time="0.039" /><testcase classname="tests.test_aumryx_teach.TestTeacherBrowse" name="test_get_all_teachers_including_unverified" time="0.035" /><testcase classname="tests.test_aumryx_teach.TestTeacherBrowse" name="test_search_teachers_by_name" time="0.037" /><testcase classname="tests.test_aumryx_teach.TestTeacherBrowse" name="test_filter_teachers_by_subject" time="0.041" /><testcase classname="tests.test_aumryx_teach.TestTeacherProfile" name="test_get_teacher_by_id" time="0.072" /><testcase classname="tests.test_aumryx_teach.TestTeacherProfile" name="test_get_teacher_invalid_id" time="0.034" /><testcase classname="tests.test_aumryx_teach.TestTeacherProfile" name="test_get_teacher_nonexistent_id" time="0.035" /><testcase classname="tests.test_aumryx_teach.TestAuthentication" name="test_login_founder" time="0.263" /><testcase classname="tests.test_aumryx_teach.TestAuthentication" name="test_login_student" time="0.268" /><testcase classname="tests.test_aumryx_teach.TestAuthentication" name="test_login_invalid_credentials" time="0.032" /><testcase classname="tests.test_aumryx_teach.TestAdminAccessControl" name="test_admin_pending_teachers_unauthenticated" time="0.041" /><testcase classname="tests.test_aumryx_teach.TestAdminAccessControl" name="test_admin_all_teachers_unauthenticated" time="0.038" /><testcase classname="tests.test_aumryx_teach.TestAdminAccessControl" name="test_admin_pending_teachers_as_student" time="0.337" /><testcase classname="tests.test_aumryx_teach.TestAdminAccessControl" name="test_admin_pending_teachers_as_founder" time="0.356" /><testcase classname="tests.test_aumryx_teach.TestAdminAccessControl" name="test_admin_all_teachers_as_founder" time="0.541" /><testcase classname="tests.test_aumryx_teach.TestTeacherVerification" name="test_verify_teacher_as_founder" time="0.327" /><testcase classname="tests.test_aumryx_teach.TestTeacherVerification" name="test_unverify_teacher_as_founder" time="0.363" /><testcase classname="tests.test_aumryx_teach.TestTeacherVerification" name="test_verify_teacher_invalid_id" time="0.328" /><testcase classname="tests.test_aumryx_teach.TestTeacherVerification" name="test_verify_teacher_nonexistent" time="0.291" /><testcase classname="tests.test_aumryx_teach.TestCreateTestAccounts" name="test_create_founder_account" time="0.256" /><testcase classname="tests.test_aumryx_teach.TestCreateTestAccounts" name="test_create_test_student_account" time="0.260" /></testsuite></testsuites>